#
# There is insufficient memory for the Java Runtime Environment to continue.
# Native memory allocation (malloc) failed to allocate 1048576 bytes. Error detail: AllocateHeap
# Possible reasons:
#   The system is out of physical RAM or swap space
#   This process is running with CompressedOops enabled, and the Java Heap may be blocking the growth of the native heap
# Possible solutions:
#   Reduce memory load on the system
#   Increase physical memory or swap space
#   Check if swap backing store is full
#   Decrease Java heap size (-Xmx/-Xms)
#   Decrease number of Java threads
#   Decrease Java thread stack sizes (-Xss)
#   Set larger code cache with -XX:ReservedCodeCacheSize=
#   JVM is running with Unscaled Compressed Oops mode in which the Java heap is
#     placed in the first 4GB address space. The Java Heap base address is the
#     maximum limit for the native heap growth. Please use -XX:HeapBaseMinAddress
#     to set the Java Heap base and to place the Java Heap above 4GB virtual address.
# This output file may be truncated or incomplete.
#
#  Out of Memory Error (allocation.cpp:44), pid=16036, tid=17712
#
# JRE version: OpenJDK Runtime Environment Temurin-21.0.9+10 (21.0.9+10) (build 21.0.9+10-LTS)
# Java VM: OpenJDK 64-Bit Server VM Temurin-21.0.9+10 (21.0.9+10-LTS, mixed mode, sharing, tiered, compressed oops, compressed class ptrs, parallel gc, windows-amd64)
# No core dump will be written. Minidumps are not enabled by default on client versions of Windows
#

---------------  S U M M A R Y ------------

Command Line: --add-modules=ALL-SYSTEM --add-opens=java.base/java.util=ALL-UNNAMED --add-opens=java.base/java.lang=ALL-UNNAMED --add-opens=java.base/sun.nio.fs=ALL-UNNAMED -Declipse.application=org.eclipse.jdt.ls.core.id1 -Dosgi.bundles.defaultStartLevel=4 -Declipse.product=org.eclipse.jdt.ls.core.product -Djava.import.generatesMetadataFilesAtProjectRoot=false -DDetectVMInstallationsJob.disabled=true -Dfile.encoding=utf8 -XX:+UseParallelGC -XX:GCTimeRatio=4 -XX:AdaptiveSizePolicyWeight=90 -Dsun.zip.disableMemoryMapping=true -Xmx2G -Xms100m -Xlog:disable -javaagent:c:\Users\Raj Seth\.cursor\extensions\redhat.java-1.51.0-win32-x64\lombok\lombok-1.18.39-4050.jar -XX:+HeapDumpOnOutOfMemoryError -XX:HeapDumpPath=c:\Users\Raj Seth\AppData\Roaming\Cursor\User\workspaceStorage\db1e3ca84df254ab16a31c3e4b79763f\redhat.java -Daether.dependencyCollector.impl=bf c:\Users\Raj Seth\.cursor\extensions\redhat.java-1.51.0-win32-x64\server\plugins\org.eclipse.equinox.launcher_1.7.100.v20251111-0406.jar -configuration c:\Users\Raj Seth\AppData\Roaming\Cursor\User\globalStorage\redhat.java\1.51.0\config_win -data c:\Users\Raj Seth\AppData\Roaming\Cursor\User\workspaceStorage\db1e3ca84df254ab16a31c3e4b79763f\redhat.java\jdt_ws --pipe=\\.\pipe\lsp-f496c5d8bdd363aee5f9ff18de65252f-sock

Host: 11th Gen Intel(R) Core(TM) i5-1135G7 @ 2.40GHz, 8 cores, 7G,  Windows 11 , 64 bit Build 26100 (10.0.26100.7623)
Time: Thu Jan 29 05:19:31 2026 India Standard Time elapsed time: 14295.689933 seconds (0d 3h 58m 15s)

---------------  T H R E A D  ---------------

Current thread (0x000002222ffb8900):  JavaThread "Attach Listener" daemon [_thread_in_vm, id=17712, stack(0x0000003749300000,0x0000003749400000) (1024K)]

Stack: [0x0000003749300000,0x0000003749400000]
Native frames: (J=compiled Java code, j=interpreted, Vv=VM code, C=native code)
V  [jvm.dll+0x6d6e29]
V  [jvm.dll+0x8b4b76]
V  [jvm.dll+0x8b712e]
V  [jvm.dll+0x8b7813]
V  [jvm.dll+0x283d86]
V  [jvm.dll+0xc1277]
V  [jvm.dll+0x6d76d9]
V  [jvm.dll+0x133466]
V  [jvm.dll+0x3f7ea6]
V  [jvm.dll+0x85e9ad]
V  [jvm.dll+0x6d565d]
C  [ucrtbase.dll+0x37b0]
C  [KERNEL32.DLL+0x2e8d7]
C  [ntdll.dll+0x8c53c]


---------------  P R O C E S S  ---------------

Threads class SMR info:
_java_thread_list=0x0000022291203230, length=35, elements={
0x0000022230045100, 0x00000222300facf0, 0x00000222300fd120, 0x000002222ffb5ca0,
0x000002222ffb8900, 0x000002222ffbb360, 0x000002222ffbbdb0, 0x000002222ffbcbe0,
0x000002228939d4a0, 0x0000022289525430, 0x0000022289690df0, 0x00000222898d0f30,
0x00000222894d87e0, 0x00000222893586e0, 0x0000022289359110, 0x0000022289d5e470,
0x000002228e554a60, 0x000002228e1f77d0, 0x000002228961dca0, 0x0000022289e4fbf0,
0x0000022289e50fa0, 0x0000022289e4e1b0, 0x000002228fba6890, 0x000002228fba6f20,
0x000002228fba6200, 0x000002228fba5b70, 0x000002228fba4e50, 0x000002228fba4130,
0x000002228fba3aa0, 0x000002228fba75b0, 0x000002228fba7c40, 0x000002228fba54e0,
0x000002228fbaa3a0, 0x00000222927b1170, 0x00000222927acfd0
}

Java Threads: ( => current thread )
  0x0000022230045100 JavaThread "main"                              [_thread_blocked, id=23500, stack(0x0000003748c00000,0x0000003748d00000) (1024K)]
  0x00000222300facf0 JavaThread "Reference Handler"          daemon [_thread_blocked, id=25480, stack(0x0000003749000000,0x0000003749100000) (1024K)]
  0x00000222300fd120 JavaThread "Finalizer"                  daemon [_thread_blocked, id=14412, stack(0x0000003749100000,0x0000003749200000) (1024K)]
  0x000002222ffb5ca0 JavaThread "Signal Dispatcher"          daemon [_thread_blocked, id=24668, stack(0x0000003749200000,0x0000003749300000) (1024K)]
=>0x000002222ffb8900 JavaThread "Attach Listener"            daemon [_thread_in_vm, id=17712, stack(0x0000003749300000,0x0000003749400000) (1024K)]
  0x000002222ffbb360 JavaThread "Service Thread"             daemon [_thread_blocked, id=16032, stack(0x0000003749400000,0x0000003749500000) (1024K)]
  0x000002222ffbbdb0 JavaThread "Monitor Deflation Thread"   daemon [_thread_blocked, id=24176, stack(0x0000003749500000,0x0000003749600000) (1024K)]
  0x000002222ffbcbe0 JavaThread "C2 CompilerThread0"         daemon [_thread_blocked, id=26084, stack(0x0000003749600000,0x0000003749700000) (1024K)]
  0x000002228939d4a0 JavaThread "C1 CompilerThread0"         daemon [_thread_blocked, id=9492, stack(0x0000003749700000,0x0000003749800000) (1024K)]
  0x0000022289525430 JavaThread "Common-Cleaner"             daemon [_thread_blocked, id=21304, stack(0x0000003749800000,0x0000003749900000) (1024K)]
  0x0000022289690df0 JavaThread "Notification Thread"        daemon [_thread_blocked, id=19568, stack(0x0000003749900000,0x0000003749a00000) (1024K)]
  0x00000222898d0f30 JavaThread "Active Thread: Equinox Container: 70b076fb-553a-495e-b7b9-dd568a2addee"        [_thread_blocked, id=16180, stack(0x000000374a000000,0x000000374a100000) (1024K)]
  0x00000222894d87e0 JavaThread "Refresh Thread: Equinox Container: 70b076fb-553a-495e-b7b9-dd568a2addee" daemon [_thread_blocked, id=25172, stack(0x000000374a200000,0x000000374a300000) (1024K)]
  0x00000222893586e0 JavaThread "Framework Event Dispatcher: Equinox Container: 70b076fb-553a-495e-b7b9-dd568a2addee" daemon [_thread_blocked, id=22516, stack(0x000000374a300000,0x000000374a400000) (1024K)]
  0x0000022289359110 JavaThread "Start Level: Equinox Container: 70b076fb-553a-495e-b7b9-dd568a2addee" daemon [_thread_blocked, id=28332, stack(0x000000374a400000,0x000000374a500000) (1024K)]
  0x0000022289d5e470 JavaThread "Bundle File Closer"         daemon [_thread_blocked, id=17328, stack(0x000000374a600000,0x000000374a700000) (1024K)]
  0x000002228e554a60 JavaThread "SCR Component Actor"        daemon [_thread_blocked, id=6804, stack(0x000000374a500000,0x000000374a600000) (1024K)]
  0x000002228e1f77d0 JavaThread "Worker-JM"                         [_thread_blocked, id=13884, stack(0x000000374a700000,0x000000374a800000) (1024K)]
  0x000002228961dca0 JavaThread "JNA Cleaner"                daemon [_thread_blocked, id=16976, stack(0x000000374a800000,0x000000374a900000) (1024K)]
  0x0000022289e4fbf0 JavaThread "Java indexing"              daemon [_thread_blocked, id=18720, stack(0x000000374ad00000,0x000000374ae00000) (1024K)]
  0x0000022289e50fa0 JavaThread "Thread-1"                   daemon [_thread_in_native, id=8784, stack(0x000000374b300000,0x000000374b400000) (1024K)]
  0x0000022289e4e1b0 JavaThread "Thread-2"                   daemon [_thread_in_native, id=29748, stack(0x000000374b400000,0x000000374b500000) (1024K)]
  0x000002228fba6890 JavaThread "Thread-3"                   daemon [_thread_in_native, id=24056, stack(0x000000374b500000,0x000000374b600000) (1024K)]
  0x000002228fba6f20 JavaThread "Thread-4"                   daemon [_thread_in_native, id=16344, stack(0x000000374b600000,0x000000374b700000) (1024K)]
  0x000002228fba6200 JavaThread "Thread-5"                   daemon [_thread_in_native, id=22764, stack(0x000000374b700000,0x000000374b800000) (1024K)]
  0x000002228fba5b70 JavaThread "Thread-6"                   daemon [_thread_in_native, id=13572, stack(0x000000374b800000,0x000000374b900000) (1024K)]
  0x000002228fba4e50 JavaThread "Thread-7"                   daemon [_thread_in_native, id=27112, stack(0x000000374b900000,0x000000374ba00000) (1024K)]
  0x000002228fba4130 JavaThread "Thread-8"                   daemon [_thread_in_native, id=13524, stack(0x000000374ba00000,0x000000374bb00000) (1024K)]
  0x000002228fba3aa0 JavaThread "Thread-9"                   daemon [_thread_in_native, id=26848, stack(0x000000374bb00000,0x000000374bc00000) (1024K)]
  0x000002228fba75b0 JavaThread "pool-2-thread-1"                   [_thread_blocked, id=14600, stack(0x000000374bc00000,0x000000374bd00000) (1024K)]
  0x000002228fba7c40 JavaThread "WorkspaceEventsHandler"            [_thread_blocked, id=11708, stack(0x000000374be00000,0x000000374bf00000) (1024K)]
  0x000002228fba54e0 JavaThread "pool-1-thread-1"                   [_thread_blocked, id=30624, stack(0x000000374bf00000,0x000000374c000000) (1024K)]
  0x000002228fbaa3a0 JavaThread "Timer-0"                           [_thread_blocked, id=12144, stack(0x0000003748a00000,0x0000003748b00000) (1024K)]
  0x00000222927b1170 JavaThread "Worker-12"                         [_thread_blocked, id=21064, stack(0x000000374af00000,0x000000374b000000) (1024K)]
  0x00000222927acfd0 JavaThread "Worker-22"                         [_thread_blocked, id=20568, stack(0x000000374bd00000,0x000000374be00000) (1024K)]
Total: 35

Other Threads:
  0x000002222ffb2d50 VMThread "VM Thread"                           [id=14584, stack(0x0000003748f00000,0x0000003749000000) (1024K)]
  0x000002222fecc950 WatcherThread "VM Periodic Task Thread"        [id=21432, stack(0x0000003748e00000,0x0000003748f00000) (1024K)]
  0x0000022230063510 WorkerThread "GC Thread#0"                     [id=12944, stack(0x0000003748d00000,0x0000003748e00000) (1024K)]
  0x0000022289b6a7a0 WorkerThread "GC Thread#1"                     [id=14504, stack(0x0000003749a00000,0x0000003749b00000) (1024K)]
  0x0000022289b6ab40 WorkerThread "GC Thread#2"                     [id=26492, stack(0x0000003749b00000,0x0000003749c00000) (1024K)]
  0x000002228995bc70 WorkerThread "GC Thread#3"                     [id=11936, stack(0x0000003749c00000,0x0000003749d00000) (1024K)]
  0x000002228995c010 WorkerThread "GC Thread#4"                     [id=4580, stack(0x0000003749d00000,0x0000003749e00000) (1024K)]
  0x0000022289b820c0 WorkerThread "GC Thread#5"                     [id=30340, stack(0x0000003749e00000,0x0000003749f00000) (1024K)]
  0x0000022289b82460 WorkerThread "GC Thread#6"                     [id=30652, stack(0x0000003749f00000,0x000000374a000000) (1024K)]
  0x0000022289bd41a0 WorkerThread "GC Thread#7"                     [id=24436, stack(0x000000374a100000,0x000000374a200000) (1024K)]
Total: 10

Threads with active compile tasks:
Total: 0

VM state: not at safepoint (normal execution)

VM Mutex/Monitor currently owned by a thread: None

Heap address: 0x0000000080000000, size: 2048 MB, Compressed Oops mode: 32-bit

CDS archive(s) mapped at: [0x0000022247000000-0x0000022247ba0000-0x0000022247ba0000), size 12189696, SharedBaseAddress: 0x0000022247000000, ArchiveRelocationMode: 1.
Compressed class space mapped at: 0x0000022248000000-0x0000022288000000, reserved size: 1073741824
Narrow klass base: 0x0000022247000000, Narrow klass shift: 0, Narrow klass range: 0x100000000

GC Precious Log:
 CardTable entry size: 512
 CPUs: 8 total, 8 available
 Memory: 7834M
 Large Page Support: Disabled
 NUMA Support: Disabled
 Compressed Oops: Enabled (32-bit)
 Alignments: Space 512K, Generation 512K, Heap 2M
 Heap Min Capacity: 100M
 Heap Initial Capacity: 100M
 Heap Max Capacity: 2G
 Pre-touch: Disabled
 Parallel Workers: 8

Heap:
 PSYoungGen      total 2048K, used 787K [0x00000000d5580000, 0x00000000d5900000, 0x0000000100000000)
  eden space 1536K, 42% used [0x00000000d5580000,0x00000000d5624e88,0x00000000d5700000)
  from space 512K, 25% used [0x00000000d5880000,0x00000000d58a0000,0x00000000d5900000)
  to   space 512K, 0% used [0x00000000d5800000,0x00000000d5800000,0x00000000d5880000)
 ParOldGen       total 1324032K, used 1323558K [0x0000000080000000, 0x00000000d0d00000, 0x00000000d5580000)
  object space 1324032K, 99% used [0x0000000080000000,0x00000000d0c89a70,0x00000000d0d00000)
 Metaspace       used 83575K, committed 85056K, reserved 1179648K
  class space    used 8704K, committed 9408K, reserved 1048576K

Card table byte_map: [0x000002222f9e0000,0x000002222fdf0000] _byte_map_base: 0x000002222f5e0000

Marking Bits: (ParMarkBitMap*) 0x00007ffa578f2460
 Begin Bits: [0x00000222424f0000, 0x00000222444f0000)
 End Bits:   [0x00000222444f0000, 0x00000222464f0000)

Polling page: 0x000002222de60000

Metaspace:

Usage:
  Non-class:     73.12 MB used.
      Class:      8.50 MB used.
       Both:     81.62 MB used.

Virtual space:
  Non-class space:      128.00 MB reserved,      73.88 MB ( 58%) committed,  2 nodes.
      Class space:        1.00 GB reserved,       9.19 MB ( <1%) committed,  1 nodes.
             Both:        1.12 GB reserved,      83.06 MB (  7%) committed. 

Chunk freelists:
   Non-Class:  5.31 MB
       Class:  6.94 MB
        Both:  12.25 MB

MaxMetaspaceSize: unlimited
CompressedClassSpaceSize: 1.00 GB
Initial GC threshold: 21.00 MB
Current GC threshold: 138.06 MB
CDS: on
 - commit_granule_bytes: 65536.
 - commit_granule_words: 8192.
 - virtual_space_node_default_size: 8388608.
 - enlarge_chunks_in_place: 1.
 - use_allocation_guard: 0.


Internal statistics:

num_allocs_failed_limit: 13.
num_arena_births: 1568.
num_arena_deaths: 484.
num_vsnodes_births: 3.
num_vsnodes_deaths: 0.
num_space_committed: 1329.
num_space_uncommitted: 0.
num_chunks_returned_to_freelist: 531.
num_chunks_taken_from_freelist: 5552.
num_chunk_merges: 141.
num_chunk_splits: 3284.
num_chunks_enlarged: 1940.
num_inconsistent_stats: 0.

CodeHeap 'non-profiled nmethods': size=120000Kb used=21686Kb max_used=25473Kb free=98313Kb
 bounds [0x000002223ad10000, 0x000002223c640000, 0x0000022242240000]
CodeHeap 'profiled nmethods': size=120000Kb used=18235Kb max_used=41874Kb free=101764Kb
 bounds [0x0000022233240000, 0x0000022235b30000, 0x000002223a770000]
CodeHeap 'non-nmethods': size=5760Kb used=1497Kb max_used=1610Kb free=4262Kb
 bounds [0x000002223a770000, 0x000002223a9e0000, 0x000002223ad10000]
CodeCache: size=245760Kb, used=41418Kb, max_used=68957Kb, free=204339Kb
 total_blobs=10279, nmethods=9474, adapters=706, full_count=0
Compilation: enabled, stopped_count=0, restarted_count=0

Compilation events (20 events):
Event: 14207.448 Thread 0x000002228939d4a0 24544       3       org.eclipse.lsp4j.jsonrpc.json.adapters.CollectionTypeAdapter::write (123 bytes)
Event: 14207.496 Thread 0x000002228939d4a0 nmethod 24544 0x00000222333c0110 code [0x00000222333c0400, 0x00000222333c1470]
Event: 14207.511 Thread 0x000002222ffbcbe0 24545       4       org.eclipse.jdt.ls.core.internal.JDTUtils::isJavaFile (15 bytes)
Event: 14207.584 Thread 0x000002222ffbcbe0 nmethod 24545 0x000002223b78f310 code [0x000002223b78f4e0, 0x000002223b78f950]
Event: 14209.870 Thread 0x000002228939d4a0 24546       3       org.eclipse.jdt.ls.core.internal.JavaLanguageServerPlugin::debugTrace (41 bytes)
Event: 14209.932 Thread 0x000002228939d4a0 nmethod 24546 0x00000222332e4d10 code [0x00000222332e4fc0, 0x00000222332e5b50]
Event: 14216.909 Thread 0x000002222ffbcbe0 24547   !   4       java.net.URI::create (23 bytes)
Event: 14217.175 Thread 0x000002222ffbcbe0 nmethod 24547 0x000002223b0f4890 code [0x000002223b0f4a40, 0x000002223b0f4c48]
Event: 14218.825 Thread 0x000002228939d4a0 24548       3       org.eclipse.lsp4j.jsonrpc.services.GenericEndpoint$$Lambda/0x0000022248559b78::apply (17 bytes)
Event: 14218.844 Thread 0x000002228939d4a0 nmethod 24548 0x000002223379d290 code [0x000002223379d440, 0x000002223379d598]
Event: 14218.844 Thread 0x000002228939d4a0 24549   !   3       org.eclipse.lsp4j.jsonrpc.services.GenericEndpoint::lambda$recursiveFindRpcMethods$0 (100 bytes)
Event: 14218.904 Thread 0x000002228939d4a0 nmethod 24549 0x0000022234913090 code [0x0000022234913360, 0x0000022234914300]
Event: 14219.066 Thread 0x000002222ffbcbe0 24550       4       java.lang.invoke.DirectMethodHandle::fieldOffset (9 bytes)
Event: 14219.068 Thread 0x000002222ffbcbe0 nmethod 24550 0x000002223afea810 code [0x000002223afea9a0, 0x000002223afeaa40]
Event: 14219.392 Thread 0x000002222ffbcbe0 24551       4       java.lang.invoke.DirectMethodHandle::checkBase (5 bytes)
Event: 14219.394 Thread 0x000002222ffbcbe0 nmethod 24551 0x000002223afee290 code [0x000002223afee420, 0x000002223afee4a8]
Event: 14223.046 Thread 0x000002228939d4a0 24552       3       org.eclipse.lsp4j.jsonrpc.json.adapters.CollectionTypeAdapter::write (10 bytes)
Event: 14223.050 Thread 0x000002228939d4a0 nmethod 24552 0x0000022233786b90 code [0x0000022233786d40, 0x0000022233786f90]
Event: 14263.392 Thread 0x000002222ffbcbe0 24553       4       org.eclipse.jdt.ls.core.internal.JDTUtils::resolveCompilationUnit (8 bytes)
Event: 14263.545 Thread 0x000002222ffbcbe0 nmethod 24553 0x000002223b003b10 code [0x000002223b003ca0, 0x000002223b003d58]

GC Heap History (20 events):
Event: 14221.154 GC heap before
{Heap before GC invocations=10075 (full 11):
 PSYoungGen      total 2048K, used 1728K [0x00000000d5580000, 0x00000000d5900000, 0x0000000100000000)
  eden space 1536K, 100% used [0x00000000d5580000,0x00000000d5700000,0x00000000d5700000)
  from space 512K, 37% used [0x00000000d5880000,0x00000000d58b0000,0x00000000d5900000)
  to   space 512K, 0% used [0x00000000d5800000,0x00000000d5800000,0x00000000d5880000)
 ParOldGen       total 1324032K, used 1323534K [0x0000000080000000, 0x00000000d0d00000, 0x00000000d5580000)
  object space 1324032K, 99% used [0x0000000080000000,0x00000000d0c83a70,0x00000000d0d00000)
 Metaspace       used 83575K, committed 85056K, reserved 1179648K
  class space    used 8704K, committed 9408K, reserved 1048576K
}
Event: 14221.159 GC heap after
{Heap after GC invocations=10075 (full 11):
 PSYoungGen      total 2048K, used 160K [0x00000000d5580000, 0x00000000d5900000, 0x0000000100000000)
  eden space 1536K, 0% used [0x00000000d5580000,0x00000000d5580000,0x00000000d5700000)
  from space 512K, 31% used [0x00000000d5800000,0x00000000d5828000,0x00000000d5880000)
  to   space 512K, 0% used [0x00000000d5880000,0x00000000d5880000,0x00000000d5900000)
 ParOldGen       total 1324032K, used 1323534K [0x0000000080000000, 0x00000000d0d00000, 0x00000000d5580000)
  object space 1324032K, 99% used [0x0000000080000000,0x00000000d0c83a70,0x00000000d0d00000)
 Metaspace       used 83575K, committed 85056K, reserved 1179648K
  class space    used 8704K, committed 9408K, reserved 1048576K
}
Event: 14223.004 GC heap before
{Heap before GC invocations=10076 (full 11):
 PSYoungGen      total 2048K, used 1696K [0x00000000d5580000, 0x00000000d5900000, 0x0000000100000000)
  eden space 1536K, 100% used [0x00000000d5580000,0x00000000d5700000,0x00000000d5700000)
  from space 512K, 31% used [0x00000000d5800000,0x00000000d5828000,0x00000000d5880000)
  to   space 512K, 0% used [0x00000000d5880000,0x00000000d5880000,0x00000000d5900000)
 ParOldGen       total 1324032K, used 1323534K [0x0000000080000000, 0x00000000d0d00000, 0x00000000d5580000)
  object space 1324032K, 99% used [0x0000000080000000,0x00000000d0c83a70,0x00000000d0d00000)
 Metaspace       used 83575K, committed 85056K, reserved 1179648K
  class space    used 8704K, committed 9408K, reserved 1048576K
}
Event: 14223.013 GC heap after
{Heap after GC invocations=10076 (full 11):
 PSYoungGen      total 2048K, used 160K [0x00000000d5580000, 0x00000000d5900000, 0x0000000100000000)
  eden space 1536K, 0% used [0x00000000d5580000,0x00000000d5580000,0x00000000d5700000)
  from space 512K, 31% used [0x00000000d5880000,0x00000000d58a8000,0x00000000d5900000)
  to   space 512K, 0% used [0x00000000d5800000,0x00000000d5800000,0x00000000d5880000)
 ParOldGen       total 1324032K, used 1323534K [0x0000000080000000, 0x00000000d0d00000, 0x00000000d5580000)
  object space 1324032K, 99% used [0x0000000080000000,0x00000000d0c83a70,0x00000000d0d00000)
 Metaspace       used 83575K, committed 85056K, reserved 1179648K
  class space    used 8704K, committed 9408K, reserved 1048576K
}
Event: 14223.689 GC heap before
{Heap before GC invocations=10077 (full 11):
 PSYoungGen      total 2048K, used 1696K [0x00000000d5580000, 0x00000000d5900000, 0x0000000100000000)
  eden space 1536K, 100% used [0x00000000d5580000,0x00000000d5700000,0x00000000d5700000)
  from space 512K, 31% used [0x00000000d5880000,0x00000000d58a8000,0x00000000d5900000)
  to   space 512K, 0% used [0x00000000d5800000,0x00000000d5800000,0x00000000d5880000)
 ParOldGen       total 1324032K, used 1323534K [0x0000000080000000, 0x00000000d0d00000, 0x00000000d5580000)
  object space 1324032K, 99% used [0x0000000080000000,0x00000000d0c83a70,0x00000000d0d00000)
 Metaspace       used 83575K, committed 85056K, reserved 1179648K
  class space    used 8704K, committed 9408K, reserved 1048576K
}
Event: 14223.696 GC heap after
{Heap after GC invocations=10077 (full 11):
 PSYoungGen      total 2048K, used 128K [0x00000000d5580000, 0x00000000d5900000, 0x0000000100000000)
  eden space 1536K, 0% used [0x00000000d5580000,0x00000000d5580000,0x00000000d5700000)
  from space 512K, 25% used [0x00000000d5800000,0x00000000d5820000,0x00000000d5880000)
  to   space 512K, 0% used [0x00000000d5880000,0x00000000d5880000,0x00000000d5900000)
 ParOldGen       total 1324032K, used 1323534K [0x0000000080000000, 0x00000000d0d00000, 0x00000000d5580000)
  object space 1324032K, 99% used [0x0000000080000000,0x00000000d0c83a70,0x00000000d0d00000)
 Metaspace       used 83575K, committed 85056K, reserved 1179648K
  class space    used 8704K, committed 9408K, reserved 1048576K
}
Event: 14230.960 GC heap before
{Heap before GC invocations=10078 (full 11):
 PSYoungGen      total 2048K, used 1664K [0x00000000d5580000, 0x00000000d5900000, 0x0000000100000000)
  eden space 1536K, 100% used [0x00000000d5580000,0x00000000d5700000,0x00000000d5700000)
  from space 512K, 25% used [0x00000000d5800000,0x00000000d5820000,0x00000000d5880000)
  to   space 512K, 0% used [0x00000000d5880000,0x00000000d5880000,0x00000000d5900000)
 ParOldGen       total 1324032K, used 1323534K [0x0000000080000000, 0x00000000d0d00000, 0x00000000d5580000)
  object space 1324032K, 99% used [0x0000000080000000,0x00000000d0c83a70,0x00000000d0d00000)
 Metaspace       used 83575K, committed 85056K, reserved 1179648K
  class space    used 8704K, committed 9408K, reserved 1048576K
}
Event: 14230.966 GC heap after
{Heap after GC invocations=10078 (full 11):
 PSYoungGen      total 2048K, used 192K [0x00000000d5580000, 0x00000000d5900000, 0x0000000100000000)
  eden space 1536K, 0% used [0x00000000d5580000,0x00000000d5580000,0x00000000d5700000)
  from space 512K, 37% used [0x00000000d5880000,0x00000000d58b0000,0x00000000d5900000)
  to   space 512K, 0% used [0x00000000d5800000,0x00000000d5800000,0x00000000d5880000)
 ParOldGen       total 1324032K, used 1323534K [0x0000000080000000, 0x00000000d0d00000, 0x00000000d5580000)
  object space 1324032K, 99% used [0x0000000080000000,0x00000000d0c83a70,0x00000000d0d00000)
 Metaspace       used 83575K, committed 85056K, reserved 1179648K
  class space    used 8704K, committed 9408K, reserved 1048576K
}
Event: 14238.691 GC heap before
{Heap before GC invocations=10079 (full 11):
 PSYoungGen      total 2048K, used 1728K [0x00000000d5580000, 0x00000000d5900000, 0x0000000100000000)
  eden space 1536K, 100% used [0x00000000d5580000,0x00000000d5700000,0x00000000d5700000)
  from space 512K, 37% used [0x00000000d5880000,0x00000000d58b0000,0x00000000d5900000)
  to   space 512K, 0% used [0x00000000d5800000,0x00000000d5800000,0x00000000d5880000)
 ParOldGen       total 1324032K, used 1323534K [0x0000000080000000, 0x00000000d0d00000, 0x00000000d5580000)
  object space 1324032K, 99% used [0x0000000080000000,0x00000000d0c83a70,0x00000000d0d00000)
 Metaspace       used 83575K, committed 85056K, reserved 1179648K
  class space    used 8704K, committed 9408K, reserved 1048576K
}
Event: 14239.230 GC heap after
{Heap after GC invocations=10079 (full 11):
 PSYoungGen      total 2048K, used 192K [0x00000000d5580000, 0x00000000d5900000, 0x0000000100000000)
  eden space 1536K, 0% used [0x00000000d5580000,0x00000000d5580000,0x00000000d5700000)
  from space 512K, 37% used [0x00000000d5800000,0x00000000d5830000,0x00000000d5880000)
  to   space 512K, 0% used [0x00000000d5880000,0x00000000d5880000,0x00000000d5900000)
 ParOldGen       total 1324032K, used 1323534K [0x0000000080000000, 0x00000000d0d00000, 0x00000000d5580000)
  object space 1324032K, 99% used [0x0000000080000000,0x00000000d0c83a70,0x00000000d0d00000)
 Metaspace       used 83575K, committed 85056K, reserved 1179648K
  class space    used 8704K, committed 9408K, reserved 1048576K
}
Event: 14246.093 GC heap before
{Heap before GC invocations=10080 (full 11):
 PSYoungGen      total 2048K, used 1728K [0x00000000d5580000, 0x00000000d5900000, 0x0000000100000000)
  eden space 1536K, 100% used [0x00000000d5580000,0x00000000d5700000,0x00000000d5700000)
  from space 512K, 37% used [0x00000000d5800000,0x00000000d5830000,0x00000000d5880000)
  to   space 512K, 0% used [0x00000000d5880000,0x00000000d5880000,0x00000000d5900000)
 ParOldGen       total 1324032K, used 1323534K [0x0000000080000000, 0x00000000d0d00000, 0x00000000d5580000)
  object space 1324032K, 99% used [0x0000000080000000,0x00000000d0c83a70,0x00000000d0d00000)
 Metaspace       used 83575K, committed 85056K, reserved 1179648K
  class space    used 8704K, committed 9408K, reserved 1048576K
}
Event: 14246.101 GC heap after
{Heap after GC invocations=10080 (full 11):
 PSYoungGen      total 2048K, used 224K [0x00000000d5580000, 0x00000000d5900000, 0x0000000100000000)
  eden space 1536K, 0% used [0x00000000d5580000,0x00000000d5580000,0x00000000d5700000)
  from space 512K, 43% used [0x00000000d5880000,0x00000000d58b8000,0x00000000d5900000)
  to   space 512K, 0% used [0x00000000d5800000,0x00000000d5800000,0x00000000d5880000)
 ParOldGen       total 1324032K, used 1323534K [0x0000000080000000, 0x00000000d0d00000, 0x00000000d5580000)
  object space 1324032K, 99% used [0x0000000080000000,0x00000000d0c83a70,0x00000000d0d00000)
 Metaspace       used 83575K, committed 85056K, reserved 1179648K
  class space    used 8704K, committed 9408K, reserved 1048576K
}
Event: 14246.394 GC heap before
{Heap before GC invocations=10081 (full 11):
 PSYoungGen      total 2048K, used 1760K [0x00000000d5580000, 0x00000000d5900000, 0x0000000100000000)
  eden space 1536K, 100% used [0x00000000d5580000,0x00000000d5700000,0x00000000d5700000)
  from space 512K, 43% used [0x00000000d5880000,0x00000000d58b8000,0x00000000d5900000)
  to   space 512K, 0% used [0x00000000d5800000,0x00000000d5800000,0x00000000d5880000)
 ParOldGen       total 1324032K, used 1323534K [0x0000000080000000, 0x00000000d0d00000, 0x00000000d5580000)
  object space 1324032K, 99% used [0x0000000080000000,0x00000000d0c83a70,0x00000000d0d00000)
 Metaspace       used 83575K, committed 85056K, reserved 1179648K
  class space    used 8704K, committed 9408K, reserved 1048576K
}
Event: 14246.401 GC heap after
{Heap after GC invocations=10081 (full 11):
 PSYoungGen      total 2048K, used 160K [0x00000000d5580000, 0x00000000d5900000, 0x0000000100000000)
  eden space 1536K, 0% used [0x00000000d5580000,0x00000000d5580000,0x00000000d5700000)
  from space 512K, 31% used [0x00000000d5800000,0x00000000d5828000,0x00000000d5880000)
  to   space 512K, 0% used [0x00000000d5880000,0x00000000d5880000,0x00000000d5900000)
 ParOldGen       total 1324032K, used 1323534K [0x0000000080000000, 0x00000000d0d00000, 0x00000000d5580000)
  object space 1324032K, 99% used [0x0000000080000000,0x00000000d0c83a70,0x00000000d0d00000)
 Metaspace       used 83575K, committed 85056K, reserved 1179648K
  class space    used 8704K, committed 9408K, reserved 1048576K
}
Event: 14247.058 GC heap before
{Heap before GC invocations=10082 (full 11):
 PSYoungGen      total 2048K, used 1696K [0x00000000d5580000, 0x00000000d5900000, 0x0000000100000000)
  eden space 1536K, 100% used [0x00000000d5580000,0x00000000d5700000,0x00000000d5700000)
  from space 512K, 31% used [0x00000000d5800000,0x00000000d5828000,0x00000000d5880000)
  to   space 512K, 0% used [0x00000000d5880000,0x00000000d5880000,0x00000000d5900000)
 ParOldGen       total 1324032K, used 1323534K [0x0000000080000000, 0x00000000d0d00000, 0x00000000d5580000)
  object space 1324032K, 99% used [0x0000000080000000,0x00000000d0c83a70,0x00000000d0d00000)
 Metaspace       used 83575K, committed 85056K, reserved 1179648K
  class space    used 8704K, committed 9408K, reserved 1048576K
}
Event: 14247.069 GC heap after
{Heap after GC invocations=10082 (full 11):
 PSYoungGen      total 2048K, used 192K [0x00000000d5580000, 0x00000000d5900000, 0x0000000100000000)
  eden space 1536K, 0% used [0x00000000d5580000,0x00000000d5580000,0x00000000d5700000)
  from space 512K, 37% used [0x00000000d5880000,0x00000000d58b0000,0x00000000d5900000)
  to   space 512K, 0% used [0x00000000d5800000,0x00000000d5800000,0x00000000d5880000)
 ParOldGen       total 1324032K, used 1323550K [0x0000000080000000, 0x00000000d0d00000, 0x00000000d5580000)
  object space 1324032K, 99% used [0x0000000080000000,0x00000000d0c87a70,0x00000000d0d00000)
 Metaspace       used 83575K, committed 85056K, reserved 1179648K
  class space    used 8704K, committed 9408K, reserved 1048576K
}
Event: 14262.096 GC heap before
{Heap before GC invocations=10083 (full 11):
 PSYoungGen      total 2048K, used 1728K [0x00000000d5580000, 0x00000000d5900000, 0x0000000100000000)
  eden space 1536K, 100% used [0x00000000d5580000,0x00000000d5700000,0x00000000d5700000)
  from space 512K, 37% used [0x00000000d5880000,0x00000000d58b0000,0x00000000d5900000)
  to   space 512K, 0% used [0x00000000d5800000,0x00000000d5800000,0x00000000d5880000)
 ParOldGen       total 1324032K, used 1323550K [0x0000000080000000, 0x00000000d0d00000, 0x00000000d5580000)
  object space 1324032K, 99% used [0x0000000080000000,0x00000000d0c87a70,0x00000000d0d00000)
 Metaspace       used 83575K, committed 85056K, reserved 1179648K
  class space    used 8704K, committed 9408K, reserved 1048576K
}
Event: 14262.574 GC heap after
{Heap after GC invocations=10083 (full 11):
 PSYoungGen      total 2048K, used 192K [0x00000000d5580000, 0x00000000d5900000, 0x0000000100000000)
  eden space 1536K, 0% used [0x00000000d5580000,0x00000000d5580000,0x00000000d5700000)
  from space 512K, 37% used [0x00000000d5800000,0x00000000d5830000,0x00000000d5880000)
  to   space 512K, 0% used [0x00000000d5880000,0x00000000d5880000,0x00000000d5900000)
 ParOldGen       total 1324032K, used 1323558K [0x0000000080000000, 0x00000000d0d00000, 0x00000000d5580000)
  object space 1324032K, 99% used [0x0000000080000000,0x00000000d0c89a70,0x00000000d0d00000)
 Metaspace       used 83575K, committed 85056K, reserved 1179648K
  class space    used 8704K, committed 9408K, reserved 1048576K
}
Event: 14264.352 GC heap before
{Heap before GC invocations=10084 (full 11):
 PSYoungGen      total 2048K, used 1728K [0x00000000d5580000, 0x00000000d5900000, 0x0000000100000000)
  eden space 1536K, 100% used [0x00000000d5580000,0x00000000d5700000,0x00000000d5700000)
  from space 512K, 37% used [0x00000000d5800000,0x00000000d5830000,0x00000000d5880000)
  to   space 512K, 0% used [0x00000000d5880000,0x00000000d5880000,0x00000000d5900000)
 ParOldGen       total 1324032K, used 1323558K [0x0000000080000000, 0x00000000d0d00000, 0x00000000d5580000)
  object space 1324032K, 99% used [0x0000000080000000,0x00000000d0c89a70,0x00000000d0d00000)
 Metaspace       used 83575K, committed 85056K, reserved 1179648K
  class space    used 8704K, committed 9408K, reserved 1048576K
}
Event: 14264.361 GC heap after
{Heap after GC invocations=10084 (full 11):
 PSYoungGen      total 2048K, used 128K [0x00000000d5580000, 0x00000000d5900000, 0x0000000100000000)
  eden space 1536K, 0% used [0x00000000d5580000,0x00000000d5580000,0x00000000d5700000)
  from space 512K, 25% used [0x00000000d5880000,0x00000000d58a0000,0x00000000d5900000)
  to   space 512K, 0% used [0x00000000d5800000,0x00000000d5800000,0x00000000d5880000)
 ParOldGen       total 1324032K, used 1323558K [0x0000000080000000, 0x00000000d0d00000, 0x00000000d5580000)
  object space 1324032K, 99% used [0x0000000080000000,0x00000000d0c89a70,0x00000000d0d00000)
 Metaspace       used 83575K, committed 85056K, reserved 1179648K
  class space    used 8704K, committed 9408K, reserved 1048576K
}

Dll operation events (15 events):
Event: 0.116 Loaded shared library c:\Users\Raj Seth\.cursor\extensions\redhat.java-1.51.0-win32-x64\jre\21.0.9-win32-x86_64\bin\java.dll
Event: 0.879 Loaded shared library c:\Users\Raj Seth\.cursor\extensions\redhat.java-1.51.0-win32-x64\jre\21.0.9-win32-x86_64\bin\zip.dll
Event: 1.040 Loaded shared library C:\Users\Raj Seth\.cursor\extensions\redhat.java-1.51.0-win32-x64\jre\21.0.9-win32-x86_64\bin\instrument.dll
Event: 1.150 Loaded shared library C:\Users\Raj Seth\.cursor\extensions\redhat.java-1.51.0-win32-x64\jre\21.0.9-win32-x86_64\bin\net.dll
Event: 1.163 Loaded shared library C:\Users\Raj Seth\.cursor\extensions\redhat.java-1.51.0-win32-x64\jre\21.0.9-win32-x86_64\bin\nio.dll
Event: 1.170 Loaded shared library C:\Users\Raj Seth\.cursor\extensions\redhat.java-1.51.0-win32-x64\jre\21.0.9-win32-x86_64\bin\zip.dll
Event: 1.269 Loaded shared library C:\Users\Raj Seth\.cursor\extensions\redhat.java-1.51.0-win32-x64\jre\21.0.9-win32-x86_64\bin\jimage.dll
Event: 1.683 Loaded shared library c:\Users\Raj Seth\.cursor\extensions\redhat.java-1.51.0-win32-x64\jre\21.0.9-win32-x86_64\bin\verify.dll
Event: 10.009 Loaded shared library C:\Users\Raj Seth\AppData\Roaming\Cursor\User\globalStorage\redhat.java\1.51.0\config_win\org.eclipse.equinox.launcher\org.eclipse.equinox.launcher.win32.win32.x86_64_1.2.1400.v20250801-0854\eclipse_11916.dll
Event: 17.987 Loaded shared library C:\Users\Raj Seth\AppData\Local\Temp\jna-1673636275\jna16526866174737388095.dll
Event: 25.378 Loaded shared library C:\Users\Raj Seth\.cursor\extensions\redhat.java-1.51.0-win32-x64\jre\21.0.9-win32-x86_64\bin\sunmscapi.dll
Event: 25.836 Loaded shared library C:\Users\Raj Seth\.cursor\extensions\redhat.java-1.51.0-win32-x64\jre\21.0.9-win32-x86_64\bin\extnet.dll
Event: 107.623 Loaded shared library C:\Users\Raj Seth\.gradle\native\c067742578af261105cb4f569cf0c3c89f3d7b1fecec35dd04571415982c5e48\windows-amd64\native-platform.dll
Event: 141.407 Loaded shared library C:\Users\Raj Seth\.cursor\extensions\redhat.java-1.51.0-win32-x64\jre\21.0.9-win32-x86_64\bin\management.dll
Event: 141.428 Loaded shared library C:\Users\Raj Seth\.cursor\extensions\redhat.java-1.51.0-win32-x64\jre\21.0.9-win32-x86_64\bin\management_ext.dll

Deoptimization events (20 events):
Event: 13730.443 Thread 0x0000022292909150 Uncommon trap: trap_request=0xffffffc6 fr.pc=0x000002223af0217c relative=0x000000000000055c
Event: 13730.443 Thread 0x0000022292909150 Uncommon trap: reason=bimorphic_or_optimized_type_check action=maybe_recompile pc=0x000002223af0217c method=org.eclipse.jdt.internal.compiler.lookup.BinaryTypeBinding.superInterfaces()[Lorg/eclipse/jdt/internal/compiler/lookup/ReferenceBinding; @ 120 c2
Event: 13730.443 Thread 0x0000022292909150 DEOPT PACKING pc=0x000002223af0217c sp=0x000000374abfe790
Event: 13730.443 Thread 0x0000022292909150 DEOPT UNPACKING pc=0x000002223a7c6da2 sp=0x000000374abfe728 mode 2
Event: 13914.689 Thread 0x00000222927acfd0 Uncommon trap: trap_request=0xffffffbe fr.pc=0x000002223b2e5c70 relative=0x0000000000002f30
Event: 13914.690 Thread 0x00000222927acfd0 Uncommon trap: reason=profile_predicate action=maybe_recompile pc=0x000002223b2e5c70 method=org.eclipse.core.internal.dtree.DataTreeNode.forwardDeltaWith([Lorg/eclipse/core/internal/dtree/AbstractDataTreeNode;[Lorg/eclipse/core/internal/dtree/AbstractData
Event: 13914.691 Thread 0x00000222927acfd0 DEOPT PACKING pc=0x000002223b2e5c70 sp=0x000000374bdfea50
Event: 13914.693 Thread 0x00000222927acfd0 DEOPT UNPACKING pc=0x000002223a7c6da2 sp=0x000000374bdfea48 mode 2
Event: 13914.693 Thread 0x00000222927acfd0 Uncommon trap: trap_request=0xffffffbe fr.pc=0x000002223b2e5c70 relative=0x0000000000002f30
Event: 13914.693 Thread 0x00000222927acfd0 Uncommon trap: reason=profile_predicate action=maybe_recompile pc=0x000002223b2e5c70 method=org.eclipse.core.internal.dtree.DataTreeNode.forwardDeltaWith([Lorg/eclipse/core/internal/dtree/AbstractDataTreeNode;[Lorg/eclipse/core/internal/dtree/AbstractData
Event: 13914.693 Thread 0x00000222927acfd0 DEOPT PACKING pc=0x000002223b2e5c70 sp=0x000000374bdfe930
Event: 13914.693 Thread 0x00000222927acfd0 DEOPT UNPACKING pc=0x000002223a7c6da2 sp=0x000000374bdfe928 mode 2
Event: 13914.696 Thread 0x00000222927acfd0 Uncommon trap: trap_request=0xffffffbe fr.pc=0x000002223b2e5c70 relative=0x0000000000002f30
Event: 13914.696 Thread 0x00000222927acfd0 Uncommon trap: reason=profile_predicate action=maybe_recompile pc=0x000002223b2e5c70 method=org.eclipse.core.internal.dtree.DataTreeNode.forwardDeltaWith([Lorg/eclipse/core/internal/dtree/AbstractDataTreeNode;[Lorg/eclipse/core/internal/dtree/AbstractData
Event: 13914.696 Thread 0x00000222927acfd0 DEOPT PACKING pc=0x000002223b2e5c70 sp=0x000000374bdfe810
Event: 13914.697 Thread 0x00000222927acfd0 DEOPT UNPACKING pc=0x000002223a7c6da2 sp=0x000000374bdfe808 mode 2
Event: 13914.697 Thread 0x00000222927acfd0 Uncommon trap: trap_request=0xffffffbe fr.pc=0x000002223b2e5c70 relative=0x0000000000002f30
Event: 13914.698 Thread 0x00000222927acfd0 Uncommon trap: reason=profile_predicate action=maybe_recompile pc=0x000002223b2e5c70 method=org.eclipse.core.internal.dtree.DataTreeNode.forwardDeltaWith([Lorg/eclipse/core/internal/dtree/AbstractDataTreeNode;[Lorg/eclipse/core/internal/dtree/AbstractData
Event: 13914.698 Thread 0x00000222927acfd0 DEOPT PACKING pc=0x000002223b2e5c70 sp=0x000000374bdfe810
Event: 13914.698 Thread 0x00000222927acfd0 DEOPT UNPACKING pc=0x000002223a7c6da2 sp=0x000000374bdfe808 mode 2

Classes loaded (20 events):
Event: 4459.093 Loading class java/nio/charset/CharacterCodingException
Event: 4459.108 Loading class java/nio/charset/CharacterCodingException done
Event: 4459.122 Loading class java/io/SequenceInputStream
Event: 4459.135 Loading class java/io/SequenceInputStream done
Event: 4513.095 Loading class java/util/concurrent/ConcurrentHashMap$KeySpliterator
Event: 4513.111 Loading class java/util/concurrent/ConcurrentHashMap$KeySpliterator done
Event: 4532.562 Loading class jdk/internal/math/FDBigInteger
Event: 4532.590 Loading class jdk/internal/math/FDBigInteger done
Event: 12585.556 Loading class java/util/concurrent/ConcurrentHashMap$EntrySpliterator
Event: 12585.585 Loading class java/util/concurrent/ConcurrentHashMap$EntrySpliterator done
Event: 12587.366 Loading class javax/xml/transform/TransformerConfigurationException
Event: 12587.375 Loading class javax/xml/transform/TransformerConfigurationException done
Event: 12588.122 Loading class java/lang/Throwable$WrappedPrintWriter
Event: 12588.124 Loading class java/lang/Throwable$PrintStreamOrWriter
Event: 12588.125 Loading class java/lang/Throwable$PrintStreamOrWriter done
Event: 12588.125 Loading class java/lang/Throwable$WrappedPrintWriter done
Event: 12588.540 Loading class java/nio/file/Path$1
Event: 12588.544 Loading class java/nio/file/Path$1 done
Event: 13184.286 Loading class java/nio/channels/CompletionHandler
Event: 13184.314 Loading class java/nio/channels/CompletionHandler done

Classes unloaded (20 events):
Event: 4551.409 Thread 0x000002222ffb2d50 Unloading class 0x0000022248006c00 'java/lang/invoke/LambdaForm$MH+0x0000022248006c00'
Event: 4551.409 Thread 0x000002222ffb2d50 Unloading class 0x0000022248006800 'java/lang/invoke/LambdaForm$MH+0x0000022248006800'
Event: 4551.409 Thread 0x000002222ffb2d50 Unloading class 0x0000022248006400 'java/lang/invoke/LambdaForm$MH+0x0000022248006400'
Event: 4551.409 Thread 0x000002222ffb2d50 Unloading class 0x0000022248005c00 'java/lang/invoke/LambdaForm$BMH+0x0000022248005c00'
Event: 4551.410 Thread 0x000002222ffb2d50 Unloading class 0x0000022248004800 'java/lang/invoke/LambdaForm$DMH+0x0000022248004800'
Event: 4551.410 Thread 0x000002222ffb2d50 Unloading class 0x0000022248002400 'java/lang/invoke/LambdaForm$MH+0x0000022248002400'
Event: 4551.410 Thread 0x000002222ffb2d50 Unloading class 0x0000022248002000 'java/lang/invoke/LambdaForm$MH+0x0000022248002000'
Event: 4551.410 Thread 0x000002222ffb2d50 Unloading class 0x0000022248001800 'java/lang/invoke/LambdaForm$MH+0x0000022248001800'
Event: 6583.800 Thread 0x000002222ffb2d50 Unloading class 0x0000022248221800 'java/lang/invoke/LambdaForm$MH+0x0000022248221800'
Event: 6583.801 Thread 0x000002222ffb2d50 Unloading class 0x0000022248221400 'java/lang/invoke/LambdaForm$MH+0x0000022248221400'
Event: 6583.801 Thread 0x000002222ffb2d50 Unloading class 0x0000022248221000 'java/lang/invoke/LambdaForm$MH+0x0000022248221000'
Event: 6583.802 Thread 0x000002222ffb2d50 Unloading class 0x0000022248219400 'java/lang/invoke/LambdaForm$BMH+0x0000022248219400'
Event: 6583.802 Thread 0x000002222ffb2d50 Unloading class 0x0000022248171000 'java/lang/invoke/LambdaForm$MH+0x0000022248171000'
Event: 6583.802 Thread 0x000002222ffb2d50 Unloading class 0x0000022248000400 'java/lang/invoke/LambdaForm$MH+0x0000022248000400'
Event: 12958.533 Thread 0x000002222ffb2d50 Unloading class 0x00000222481be400 'java/lang/invoke/LambdaForm$MH+0x00000222481be400'
Event: 12958.534 Thread 0x000002222ffb2d50 Unloading class 0x00000222481bd400 'java/lang/invoke/LambdaForm$MH+0x00000222481bd400'
Event: 12958.534 Thread 0x000002222ffb2d50 Unloading class 0x00000222481bd000 'java/lang/invoke/LambdaForm$MH+0x00000222481bd000'
Event: 12958.534 Thread 0x000002222ffb2d50 Unloading class 0x00000222481bc800 'java/lang/invoke/LambdaForm$MH+0x00000222481bc800'
Event: 12958.534 Thread 0x000002222ffb2d50 Unloading class 0x00000222481bc000 'java/lang/invoke/LambdaForm$MH+0x00000222481bc000'
Event: 12958.535 Thread 0x000002222ffb2d50 Unloading class 0x0000022248118000 'java/lang/invoke/LambdaForm$MH+0x0000022248118000'

Classes redefined (0 events):
No events

Internal exceptions (20 events):
Event: 13732.913 Thread 0x0000022289e4fbf0 Exception <a 'java/lang/NullPointerException'{0x00000000d57486d0}> (0x00000000d57486d0) 
thrown [s\src\hotspot\share\runtime\sharedRuntime.cpp, line 625]
Event: 13732.913 Thread 0x0000022289e4fbf0 Implicit null exception at 0x000002223345e433 to 0x000002223345e890
Event: 13732.914 Thread 0x0000022289e4fbf0 Exception <a 'java/lang/NullPointerException'{0x00000000d57499b0}> (0x00000000d57499b0) 
thrown [s\src\hotspot\share\runtime\sharedRuntime.cpp, line 625]
Event: 13732.914 Thread 0x0000022289e4fbf0 Implicit null exception at 0x000002223345e433 to 0x000002223345e890
Event: 13732.914 Thread 0x0000022289e4fbf0 Exception <a 'java/lang/NullPointerException'{0x00000000d574a690}> (0x00000000d574a690) 
thrown [s\src\hotspot\share\runtime\sharedRuntime.cpp, line 625]
Event: 13732.915 Thread 0x0000022289e4fbf0 Implicit null exception at 0x000002223345e433 to 0x000002223345e890
Event: 13732.915 Thread 0x0000022289e4fbf0 Exception <a 'java/lang/NullPointerException'{0x00000000d574b210}> (0x00000000d574b210) 
thrown [s\src\hotspot\share\runtime\sharedRuntime.cpp, line 625]
Event: 13732.915 Thread 0x0000022289e4fbf0 Implicit null exception at 0x000002223345e433 to 0x000002223345e890
Event: 13732.915 Thread 0x0000022289e4fbf0 Exception <a 'java/lang/NullPointerException'{0x00000000d574bd00}> (0x00000000d574bd00) 
thrown [s\src\hotspot\share\runtime\sharedRuntime.cpp, line 625]
Event: 13732.915 Thread 0x0000022289e4fbf0 Implicit null exception at 0x000002223345e433 to 0x000002223345e890
Event: 13732.915 Thread 0x0000022289e4fbf0 Exception <a 'java/lang/NullPointerException'{0x00000000d574c610}> (0x00000000d574c610) 
thrown [s\src\hotspot\share\runtime\sharedRuntime.cpp, line 625]
Event: 13737.767 Thread 0x000002228fba7c40 Exception <a 'sun/nio/fs/WindowsException'{0x00000000d5735f80}> (0x00000000d5735f80) 
thrown [s\src\hotspot\share\prims\jni.cpp, line 520]
Event: 13742.885 Thread 0x000002228fba7c40 Exception <a 'sun/nio/fs/WindowsException'{0x00000000d56fe510}> (0x00000000d56fe510) 
thrown [s\src\hotspot\share\prims\jni.cpp, line 520]
Event: 13745.457 Thread 0x0000022289e4fbf0 Exception <a 'sun/nio/fs/WindowsException'{0x00000000d55a8248}> (0x00000000d55a8248) 
thrown [s\src\hotspot\share\prims\jni.cpp, line 520]
Event: 13751.877 Thread 0x0000022289e4fbf0 Exception <a 'sun/nio/fs/WindowsException'{0x00000000d56c3f90}> (0x00000000d56c3f90) 
thrown [s\src\hotspot\share\prims\jni.cpp, line 520]
Event: 13761.578 Thread 0x000002228fba7c40 Exception <a 'sun/nio/fs/WindowsException'{0x00000000d5633ea8}> (0x00000000d5633ea8) 
thrown [s\src\hotspot\share\prims\jni.cpp, line 520]
Event: 13764.314 Thread 0x0000022289e4fbf0 Exception <a 'sun/nio/fs/WindowsException'{0x00000000d56a5820}> (0x00000000d56a5820) 
thrown [s\src\hotspot\share\prims\jni.cpp, line 520]
Event: 13769.481 Thread 0x0000022289e4fbf0 Exception <a 'sun/nio/fs/WindowsException'{0x00000000d5618d08}> (0x00000000d5618d08) 
thrown [s\src\hotspot\share\prims\jni.cpp, line 520]
Event: 13910.260 Thread 0x00000222927acfd0 Exception <a 'sun/nio/fs/WindowsException'{0x00000000d5625358}> (0x00000000d5625358) 
thrown [s\src\hotspot\share\prims\jni.cpp, line 520]
Event: 13910.322 Thread 0x00000222927acfd0 Exception <a 'sun/nio/fs/WindowsException'{0x00000000d5625e88}> (0x00000000d5625e88) 
thrown [s\src\hotspot\share\prims\jni.cpp, line 520]

ZGC Phase Switch (0 events):
No events

VM Operations (20 events):
Event: 14223.689 Executing VM operation: ParallelGCFailedAllocation (Allocation Failure)
Event: 14223.696 Executing VM operation: ParallelGCFailedAllocation (Allocation Failure) done
Event: 14230.960 Executing VM operation: ParallelGCFailedAllocation (Allocation Failure)
Event: 14230.966 Executing VM operation: ParallelGCFailedAllocation (Allocation Failure) done
Event: 14238.690 Executing VM operation: ParallelGCFailedAllocation (Allocation Failure)
Event: 14239.230 Executing VM operation: ParallelGCFailedAllocation (Allocation Failure) done
Event: 14246.093 Executing VM operation: ParallelGCFailedAllocation (Allocation Failure)
Event: 14246.101 Executing VM operation: ParallelGCFailedAllocation (Allocation Failure) done
Event: 14246.393 Executing VM operation: ParallelGCFailedAllocation (Allocation Failure)
Event: 14246.401 Executing VM operation: ParallelGCFailedAllocation (Allocation Failure) done
Event: 14247.057 Executing VM operation: ParallelGCFailedAllocation (Allocation Failure)
Event: 14247.069 Executing VM operation: ParallelGCFailedAllocation (Allocation Failure) done
Event: 14247.308 Executing VM operation: HandshakeAllThreads (HandshakeForDeflation)
Event: 14247.308 Executing VM operation: HandshakeAllThreads (HandshakeForDeflation) done
Event: 14247.308 Executing VM operation: RendezvousGCThreads
Event: 14247.308 Executing VM operation: RendezvousGCThreads done
Event: 14262.091 Executing VM operation: ParallelGCFailedAllocation (Allocation Failure)
Event: 14262.574 Executing VM operation: ParallelGCFailedAllocation (Allocation Failure) done
Event: 14264.352 Executing VM operation: ParallelGCFailedAllocation (Allocation Failure)
Event: 14264.361 Executing VM operation: ParallelGCFailedAllocation (Allocation Failure) done

Memory protections (0 events):
No events

Nmethod flushes (20 events):
Event: 13209.061 Thread 0x000002222ffb2d50 flushing  nmethod 0x0000022235989190
Event: 13209.061 Thread 0x000002222ffb2d50 flushing  nmethod 0x0000022235994090
Event: 13209.061 Thread 0x000002222ffb2d50 flushing  nmethod 0x000002223599da10
Event: 13209.061 Thread 0x000002222ffb2d50 flushing  nmethod 0x000002223599f210
Event: 13209.061 Thread 0x000002222ffb2d50 flushing  nmethod 0x00000222359c6610
Event: 13209.061 Thread 0x000002222ffb2d50 flushing  nmethod 0x00000222359c6a90
Event: 13209.061 Thread 0x000002222ffb2d50 flushing  nmethod 0x00000222359c8c90
Event: 13209.061 Thread 0x000002222ffb2d50 flushing  nmethod 0x0000022235a1bd90
Event: 13209.061 Thread 0x000002222ffb2d50 flushing osr nmethod 0x0000022235a1e090
Event: 13209.061 Thread 0x000002222ffb2d50 flushing  nmethod 0x0000022235a23210
Event: 13209.061 Thread 0x000002222ffb2d50 flushing  nmethod 0x0000022235a2ad90
Event: 13209.061 Thread 0x000002222ffb2d50 flushing  nmethod 0x0000022235a2f390
Event: 13209.061 Thread 0x000002222ffb2d50 flushing  nmethod 0x0000022235a3bd90
Event: 13209.061 Thread 0x000002222ffb2d50 flushing  nmethod 0x0000022235a56510
Event: 13209.061 Thread 0x000002222ffb2d50 flushing  nmethod 0x0000022235aabf90
Event: 13209.061 Thread 0x000002222ffb2d50 flushing  nmethod 0x0000022235aacd90
Event: 13209.061 Thread 0x000002222ffb2d50 flushing  nmethod 0x0000022235ab7210
Event: 13209.061 Thread 0x000002222ffb2d50 flushing  nmethod 0x0000022235adc410
Event: 13209.061 Thread 0x000002222ffb2d50 flushing  nmethod 0x0000022235af5e90
Event: 13209.061 Thread 0x000002222ffb2d50 flushing  nmethod 0x0000022235b1f310

Events (20 events):
Event: 13910.458 Thread 0x000002229122b110 Thread exited: 0x000002229122b110
Event: 13915.026 Thread 0x000002222ffbcbe0 Thread added: 0x000002228efe12b0
Event: 13920.046 Thread 0x000002228efe12b0 Thread exited: 0x000002228efe12b0
Event: 13942.838 Thread 0x00000222927afdc0 Thread exited: 0x00000222927afdc0
Event: 14002.639 Thread 0x00000222927b2bb0 Thread exited: 0x00000222927b2bb0
Event: 14005.621 Thread 0x000002229290a500 Thread exited: 0x000002229290a500
Event: 14024.864 Thread 0x000002229122d870 Thread exited: 0x000002229122d870
Event: 14024.866 Thread 0x00000222927b1e90 Thread exited: 0x00000222927b1e90
Event: 14024.867 Thread 0x000002229122a3f0 Thread exited: 0x000002229122a3f0
Event: 14024.867 Thread 0x00000222927b2520 Thread exited: 0x00000222927b2520
Event: 14024.868 Thread 0x0000022291229d60 Thread exited: 0x0000022291229d60
Event: 14024.869 Thread 0x00000222927b1800 Thread exited: 0x00000222927b1800
Event: 14030.594 Thread 0x00000222927b0450 Thread exited: 0x00000222927b0450
Event: 14030.615 Thread 0x00000222927ae380 Thread exited: 0x00000222927ae380
Event: 14037.951 Thread 0x0000022292908ac0 Thread exited: 0x0000022292908ac0
Event: 14043.079 Thread 0x0000022292906360 Thread exited: 0x0000022292906360
Event: 14062.430 Thread 0x0000022292909e70 Thread exited: 0x0000022292909e70
Event: 14062.632 Thread 0x00000222927b0ae0 Thread exited: 0x00000222927b0ae0
Event: 14122.703 Thread 0x00000222927b3240 Thread exited: 0x00000222927b3240
Event: 14182.817 Thread 0x00000222927af0a0 Thread exited: 0x00000222927af0a0


Dynamic libraries:
0x00007ff7472f0000 - 0x00007ff7472fe000 	c:\Users\Raj Seth\.cursor\extensions\redhat.java-1.51.0-win32-x64\jre\21.0.9-win32-x86_64\bin\java.exe
0x00007ffb2eae0000 - 0x00007ffb2ed47000 	C:\WINDOWS\SYSTEM32\ntdll.dll
0x00007ffb2d680000 - 0x00007ffb2d749000 	C:\WINDOWS\System32\KERNEL32.DLL
0x00007ffb2bc30000 - 0x00007ffb2c01f000 	C:\WINDOWS\System32\KERNELBASE.dll
0x00007ffb2c030000 - 0x00007ffb2c17b000 	C:\WINDOWS\System32\ucrtbase.dll
0x00007ffaf5a80000 - 0x00007ffaf5a98000 	c:\Users\Raj Seth\.cursor\extensions\redhat.java-1.51.0-win32-x64\jre\21.0.9-win32-x86_64\bin\jli.dll
0x00007ffb2c890000 - 0x00007ffb2ca55000 	C:\WINDOWS\System32\USER32.dll
0x00007ffb2c390000 - 0x00007ffb2c3b7000 	C:\WINDOWS\System32\win32u.dll
0x00007ffaeb4d0000 - 0x00007ffaeb4ee000 	c:\Users\Raj Seth\.cursor\extensions\redhat.java-1.51.0-win32-x64\jre\21.0.9-win32-x86_64\bin\VCRUNTIME140.dll
0x00007ffb2e0b0000 - 0x00007ffb2e0db000 	C:\WINDOWS\System32\GDI32.dll
0x00007ffb078d0000 - 0x00007ffb07b63000 	C:\WINDOWS\WinSxS\amd64_microsoft.windows.common-controls_6595b64144ccf1df_6.0.26100.7309_none_3e05feeae336a044\COMCTL32.dll
0x00007ffb2c530000 - 0x00007ffb2c65c000 	C:\WINDOWS\System32\gdi32full.dll
0x00007ffb2ce70000 - 0x00007ffb2cf19000 	C:\WINDOWS\System32\msvcrt.dll
0x00007ffb2c710000 - 0x00007ffb2c7b3000 	C:\WINDOWS\System32\msvcp_win.dll
0x00007ffb2d280000 - 0x00007ffb2d2b1000 	C:\WINDOWS\System32\IMM32.DLL
0x00007ffb1fec0000 - 0x00007ffb1fecc000 	c:\Users\Raj Seth\.cursor\extensions\redhat.java-1.51.0-win32-x64\jre\21.0.9-win32-x86_64\bin\vcruntime140_1.dll
0x00007ffaba110000 - 0x00007ffaba19d000 	c:\Users\Raj Seth\.cursor\extensions\redhat.java-1.51.0-win32-x64\jre\21.0.9-win32-x86_64\bin\msvcp140.dll
0x00007ffa56c30000 - 0x00007ffa579d0000 	c:\Users\Raj Seth\.cursor\extensions\redhat.java-1.51.0-win32-x64\jre\21.0.9-win32-x86_64\bin\server\jvm.dll
0x00007ffb2d410000 - 0x00007ffb2d4c4000 	C:\WINDOWS\System32\ADVAPI32.dll
0x00007ffb2cf60000 - 0x00007ffb2d006000 	C:\WINDOWS\System32\sechost.dll
0x00007ffb2e8c0000 - 0x00007ffb2e9d8000 	C:\WINDOWS\System32\RPCRT4.dll
0x00007ffb2d7b0000 - 0x00007ffb2d824000 	C:\WINDOWS\System32\WS2_32.dll
0x00007ffb2bab0000 - 0x00007ffb2bb0e000 	C:\WINDOWS\SYSTEM32\POWRPROF.dll
0x00007ffb16590000 - 0x00007ffb165c5000 	C:\WINDOWS\SYSTEM32\WINMM.dll
0x00007ffb20200000 - 0x00007ffb2020b000 	C:\WINDOWS\SYSTEM32\VERSION.dll
0x00007ffb2ba90000 - 0x00007ffb2baa4000 	C:\WINDOWS\SYSTEM32\UMPDC.dll
0x00007ffb2a9e0000 - 0x00007ffb2a9fb000 	C:\WINDOWS\SYSTEM32\kernel.appcore.dll
0x00007ffb12580000 - 0x00007ffb1258a000 	c:\Users\Raj Seth\.cursor\extensions\redhat.java-1.51.0-win32-x64\jre\21.0.9-win32-x86_64\bin\jimage.dll
0x00007ffb29360000 - 0x00007ffb295a2000 	C:\WINDOWS\SYSTEM32\DBGHELP.DLL
0x00007ffb2d830000 - 0x00007ffb2dbb6000 	C:\WINDOWS\System32\combase.dll
0x00007ffb2d2c0000 - 0x00007ffb2d396000 	C:\WINDOWS\System32\OLEAUT32.dll
0x00007ffafaab0000 - 0x00007ffafaaec000 	C:\WINDOWS\SYSTEM32\dbgcore.DLL
0x00007ffb2c660000 - 0x00007ffb2c705000 	C:\WINDOWS\System32\bcryptPrimitives.dll
0x00007ffb01550000 - 0x00007ffb0155f000 	c:\Users\Raj Seth\.cursor\extensions\redhat.java-1.51.0-win32-x64\jre\21.0.9-win32-x86_64\bin\instrument.dll
0x00007ffaeb4b0000 - 0x00007ffaeb4d0000 	c:\Users\Raj Seth\.cursor\extensions\redhat.java-1.51.0-win32-x64\jre\21.0.9-win32-x86_64\bin\java.dll
0x00007ffb2e0e0000 - 0x00007ffb2e833000 	C:\WINDOWS\System32\SHELL32.dll
0x00007ffb2c3c0000 - 0x00007ffb2c52a000 	C:\WINDOWS\System32\wintypes.dll
0x00007ffb29850000 - 0x00007ffb2a0ae000 	C:\WINDOWS\SYSTEM32\windows.storage.dll
0x00007ffb2d010000 - 0x00007ffb2d105000 	C:\WINDOWS\System32\SHCORE.dll
0x00007ffb2d3a0000 - 0x00007ffb2d406000 	C:\WINDOWS\System32\shlwapi.dll
0x00007ffb2bb50000 - 0x00007ffb2bb79000 	C:\WINDOWS\SYSTEM32\profapi.dll
0x00007ffae2840000 - 0x00007ffae2858000 	c:\Users\Raj Seth\.cursor\extensions\redhat.java-1.51.0-win32-x64\jre\21.0.9-win32-x86_64\bin\zip.dll
0x00007ffb061d0000 - 0x00007ffb061e0000 	C:\Users\Raj Seth\.cursor\extensions\redhat.java-1.51.0-win32-x64\jre\21.0.9-win32-x86_64\bin\net.dll
0x00007ffb224f0000 - 0x00007ffb22618000 	C:\WINDOWS\SYSTEM32\WINHTTP.dll
0x00007ffb2af50000 - 0x00007ffb2afbb000 	C:\WINDOWS\system32\mswsock.dll
0x00007ffadee30000 - 0x00007ffadee46000 	C:\Users\Raj Seth\.cursor\extensions\redhat.java-1.51.0-win32-x64\jre\21.0.9-win32-x86_64\bin\nio.dll
0x00007ffaf8440000 - 0x00007ffaf8450000 	c:\Users\Raj Seth\.cursor\extensions\redhat.java-1.51.0-win32-x64\jre\21.0.9-win32-x86_64\bin\verify.dll
0x00007ffaf5990000 - 0x00007ffaf59d4000 	C:\Users\Raj Seth\AppData\Roaming\Cursor\User\globalStorage\redhat.java\1.51.0\config_win\org.eclipse.equinox.launcher\org.eclipse.equinox.launcher.win32.win32.x86_64_1.2.1400.v20250801-0854\eclipse_11916.dll
0x00007ffb2ccd0000 - 0x00007ffb2ce67000 	C:\WINDOWS\System32\ole32.dll
0x00007ffb2b220000 - 0x00007ffb2b23b000 	C:\WINDOWS\SYSTEM32\CRYPTSP.dll
0x00007ffb2a940000 - 0x00007ffb2a97a000 	C:\WINDOWS\system32\rsaenh.dll
0x00007ffb2b000000 - 0x00007ffb2b02b000 	C:\WINDOWS\SYSTEM32\USERENV.dll
0x00007ffb2bb20000 - 0x00007ffb2bb4a000 	C:\WINDOWS\SYSTEM32\bcrypt.dll
0x00007ffb2b210000 - 0x00007ffb2b21c000 	C:\WINDOWS\SYSTEM32\CRYPTBASE.dll
0x00007ffb2a3f0000 - 0x00007ffb2a424000 	C:\WINDOWS\SYSTEM32\IPHLPAPI.DLL
0x00007ffb2c880000 - 0x00007ffb2c88a000 	C:\WINDOWS\System32\NSI.dll
0x00007ffab0cf0000 - 0x00007ffab0d39000 	C:\Users\Raj Seth\AppData\Local\Temp\jna-1673636275\jna16526866174737388095.dll
0x00007ffb2e0a0000 - 0x00007ffb2e0a8000 	C:\WINDOWS\System32\PSAPI.DLL
0x00007ffb23180000 - 0x00007ffb2319e000 	C:\WINDOWS\SYSTEM32\dhcpcsvc6.DLL
0x00007ffb22f00000 - 0x00007ffb22f23000 	C:\WINDOWS\SYSTEM32\dhcpcsvc.DLL
0x00007ffb02500000 - 0x00007ffb0250e000 	C:\Users\Raj Seth\.cursor\extensions\redhat.java-1.51.0-win32-x64\jre\21.0.9-win32-x86_64\bin\sunmscapi.dll
0x00007ffb2c210000 - 0x00007ffb2c387000 	C:\WINDOWS\System32\CRYPT32.dll
0x00007ffb2b430000 - 0x00007ffb2b460000 	C:\WINDOWS\SYSTEM32\ncrypt.dll
0x00007ffb2b3e0000 - 0x00007ffb2b41f000 	C:\WINDOWS\SYSTEM32\NTASN1.dll
0x00007ffb2a480000 - 0x00007ffb2a5ac000 	C:\WINDOWS\SYSTEM32\DNSAPI.dll
0x00007ffb22d10000 - 0x00007ffb22d1b000 	C:\Windows\System32\rasadhlp.dll
0x00007ffb23390000 - 0x00007ffb23416000 	C:\WINDOWS\System32\fwpuclnt.dll
0x00007ffb02070000 - 0x00007ffb02079000 	C:\Users\Raj Seth\.cursor\extensions\redhat.java-1.51.0-win32-x64\jre\21.0.9-win32-x86_64\bin\extnet.dll
0x00007ffae95c0000 - 0x00007ffae95e7000 	C:\Users\Raj Seth\.gradle\native\c067742578af261105cb4f569cf0c3c89f3d7b1fecec35dd04571415982c5e48\windows-amd64\native-platform.dll
0x00007ffb04960000 - 0x00007ffb0496a000 	C:\Users\Raj Seth\.cursor\extensions\redhat.java-1.51.0-win32-x64\jre\21.0.9-win32-x86_64\bin\management.dll
0x00007ffb04400000 - 0x00007ffb0440c000 	C:\Users\Raj Seth\.cursor\extensions\redhat.java-1.51.0-win32-x64\jre\21.0.9-win32-x86_64\bin\management_ext.dll

JVMTI agents:
c:\Users\Raj Seth\.cursor\extensions\redhat.java-1.51.0-win32-x64\lombok\lombok-1.18.39-4050.jar path:c:\Users\Raj Seth\.cursor\extensions\redhat.java-1.51.0-win32-x64\jre\21.0.9-win32-x86_64\bin\instrument.dll, loaded, initialized, instrumentlib options:none

dbghelp: loaded successfully - version: 4.0.5 - missing functions: none
symbol engine: initialized successfully - sym options: 0x614 - pdb path: .;c:\Users\Raj Seth\.cursor\extensions\redhat.java-1.51.0-win32-x64\jre\21.0.9-win32-x86_64\bin;C:\WINDOWS\SYSTEM32;C:\WINDOWS\WinSxS\amd64_microsoft.windows.common-controls_6595b64144ccf1df_6.0.26100.7309_none_3e05feeae336a044;c:\Users\Raj Seth\.cursor\extensions\redhat.java-1.51.0-win32-x64\jre\21.0.9-win32-x86_64\bin\server;C:\Users\Raj Seth\AppData\Roaming\Cursor\User\globalStorage\redhat.java\1.51.0\config_win\org.eclipse.equinox.launcher\org.eclipse.equinox.launcher.win32.win32.x86_64_1.2.1400.v20250801-0854;C:\Users\Raj Seth\AppData\Local\Temp\jna-1673636275;C:\Users\Raj Seth\.gradle\native\c067742578af261105cb4f569cf0c3c89f3d7b1fecec35dd04571415982c5e48\windows-amd64

VM Arguments:
jvm_args: --add-modules=ALL-SYSTEM --add-opens=java.base/java.util=ALL-UNNAMED --add-opens=java.base/java.lang=ALL-UNNAMED --add-opens=java.base/sun.nio.fs=ALL-UNNAMED -Declipse.application=org.eclipse.jdt.ls.core.id1 -Dosgi.bundles.defaultStartLevel=4 -Declipse.product=org.eclipse.jdt.ls.core.product -Djava.import.generatesMetadataFilesAtProjectRoot=false -DDetectVMInstallationsJob.disabled=true -Dfile.encoding=utf8 -XX:+UseParallelGC -XX:GCTimeRatio=4 -XX:AdaptiveSizePolicyWeight=90 -Dsun.zip.disableMemoryMapping=true -Xmx2G -Xms100m -Xlog:disable -javaagent:c:\Users\Raj Seth\.cursor\extensions\redhat.java-1.51.0-win32-x64\lombok\lombok-1.18.39-4050.jar -XX:+HeapDumpOnOutOfMemoryError -XX:HeapDumpPath=c:\Users\Raj Seth\AppData\Roaming\Cursor\User\workspaceStorage\db1e3ca84df254ab16a31c3e4b79763f\redhat.java -Daether.dependencyCollector.impl=bf 
java_command: c:\Users\Raj Seth\.cursor\extensions\redhat.java-1.51.0-win32-x64\server\plugins\org.eclipse.equinox.launcher_1.7.100.v20251111-0406.jar -configuration c:\Users\Raj Seth\AppData\Roaming\Cursor\User\globalStorage\redhat.java\1.51.0\config_win -data c:\Users\Raj Seth\AppData\Roaming\Cursor\User\workspaceStorage\db1e3ca84df254ab16a31c3e4b79763f\redhat.java\jdt_ws --pipe=\\.\pipe\lsp-f496c5d8bdd363aee5f9ff18de65252f-sock
java_class_path (initial): c:\Users\Raj Seth\.cursor\extensions\redhat.java-1.51.0-win32-x64\server\plugins\org.eclipse.equinox.launcher_1.7.100.v20251111-0406.jar
Launcher Type: SUN_STANDARD

[Global flags]
    uintx AdaptiveSizePolicyWeight                 = 90                                        {product} {command line}
     intx CICompilerCount                          = 4                                         {product} {ergonomic}
    uintx GCTimeRatio                              = 4                                         {product} {command line}
     bool HeapDumpOnOutOfMemoryError               = true                                   {manageable} {command line}
    ccstr HeapDumpPath                             = c:\Users\Raj Seth\AppData\Roaming\Cursor\User\workspaceStorage\db1e3ca84df254ab16a31c3e4b79763f\redhat.java         {manageable} {command line}
   size_t InitialHeapSize                          = 104857600                                 {product} {command line}
   size_t MaxHeapSize                              = 2147483648                                {product} {command line}
   size_t MaxNewSize                               = 715653120                                 {product} {ergonomic}
   size_t MinHeapDeltaBytes                        = 524288                                    {product} {ergonomic}
   size_t MinHeapSize                              = 104857600                                 {product} {command line}
   size_t NewSize                                  = 34603008                                  {product} {ergonomic}
    uintx NonNMethodCodeHeapSize                   = 5839372                                {pd product} {ergonomic}
    uintx NonProfiledCodeHeapSize                  = 122909434                              {pd product} {ergonomic}
   size_t OldSize                                  = 70254592                                  {product} {ergonomic}
    uintx ProfiledCodeHeapSize                     = 122909434                              {pd product} {ergonomic}
    uintx ReservedCodeCacheSize                    = 251658240                              {pd product} {ergonomic}
     bool SegmentedCodeCache                       = true                                      {product} {ergonomic}
   size_t SoftMaxHeapSize                          = 2147483648                             {manageable} {ergonomic}
     bool UseCompressedOops                        = true                           {product lp64_product} {ergonomic}
     bool UseLargePagesIndividualAllocation        = false                                  {pd product} {ergonomic}
     bool UseParallelGC                            = true                                      {product} {command line}

Logging:
Log output configuration:
 #0: stdout all=off uptime,level,tags foldmultilines=false
 #1: stderr all=off uptime,level,tags foldmultilines=false

Release file:
JAVA_VERSION="21.0.9" 
MODULES="java.base java.compiler java.datatransfer java.xml java.prefs java.desktop java.instrument java.logging java.management java.security.sasl java.naming java.rmi java.management.rmi java.net.http java.scripting java.security.jgss java.transaction.xa java.sql java.sql.rowset java.xml.crypto java.se java.smartcardio jdk.accessibility jdk.internal.jvmstat jdk.attach jdk.charsets jdk.internal.opt jdk.zipfs jdk.compiler jdk.crypto.ec jdk.crypto.cryptoki jdk.crypto.mscapi jdk.dynalink jdk.internal.ed jdk.editpad jdk.hotspot.agent jdk.httpserver jdk.internal.le jdk.internal.vm.ci jdk.internal.vm.compiler jdk.internal.vm.compiler.management jdk.jartool jdk.javadoc jdk.jcmd jdk.management jdk.management.agent jdk.jconsole jdk.jdeps jdk.jdwp.agent jdk.jdi jdk.jfr jdk.jshell jdk.jsobject jdk.jstatd jdk.localedata jdk.management.jfr jdk.naming.dns jdk.naming.rmi jdk.net jdk.nio.mapmode jdk.random jdk.sctp jdk.security.auth jdk.security.jgss jdk.unsupported jdk.unsupported.desktop jdk.xml.dom" 

Environment Variables:
JAVA_HOME=C:\Program Files\Java\jdk-17
PATH=C:\Python313\Scripts\;C:\Python313\;C:\Python312\Scripts\;C:\Python312\;C:\Program Files\Microsoft SDKs\Azure\CLI2\wbin;C:\WINDOWS\system32;C:\WINDOWS;C:\WINDOWS\System32\Wbem;C:\WINDOWS\System32\WindowsPowerShell\v1.0\;C:\WINDOWS\System32\OpenSSH\;C:\Program Files\dotnet\;C:\Users\Raj Seth\gradle-5.6.4-bin\gradle-5.6.4\bin;C:\Users\Raj Seth\AppData\Local\Android\Sdk\platforms\android-29;C:\Users\Raj Seth\AppData\Local\Android\Sdk\tools\bin;C:\Users\Raj Seth\AppData\Local\Android\Sdk\tools;C:\Users\Raj Seth\AppData\Local\Android\Sdk\platform-tools;C:\Users\Raj Seth\AppData\Local\Android\Sdk;C:\Users\Raj Seth\AppData\Local\Android\Sdk\build-tools;C:\Users\Raj Seth\AppData\Local\Android\Sdk\build-tools\32.0.0;C:\Program Files\Git\cmd;C:\ProgramData\chocolatey\bin;C:\Program Files (x86)\Microsoft Visual Studio\2019\BuildTools\MSBuild\Current\Bin;C:\Users\Raj Seth\AppData\Local\Programs\Microsoft VS Code\bin;C:\Users\Raj Seth\AppData\Local\Programs\Python\Python39\Scripts\;C:\Users\Raj Seth\AppData\Local\Programs\Python\Python39\;C:\Program Files\FFmg;C:\Users\Raj Seth\AppData\Roaming\nvm;C:\Program Files\HP\HP One Agent;C:\Program Files\Java\jdk-17;C:\WINDOWS\system32;C:\WINDOWS;C:\WINDOWS\System32\Wbem;C:\WINDOWS\System32\WindowsPowerShell\v1.0\;C:\WINDOWS\System32\OpenSSH\;C:\Users\Raj Seth\AppData\Roaming\nvm;C:\nvm4w\nodejs;C:\Program Files\nodejs\;C:\Users\Raj Seth\AppData\Local\Programs\Python\Python39\Scripts\;C:\Users\Raj Seth\AppData\Local\Programs\Python\Python39\;C:\Users\Raj Seth\AppData\Local\Microsoft\WindowsApps;C:\Users\Raj Seth\AppData\Local\Programs\Microsoft VS Code\bin;C:\Users\Raj Seth\.dotnet\tools;C:\Program Files\Java\jdk-17\bin;C:\Users\Raj Seth\AppData\Local\Android\Sdk;C:\Users\Raj Seth\AppData\Local\Android\Sdk\platforms\android-29;C:\Users\Raj Seth\AppData\Local\Android\Sdk\tools;C:\Users\Raj Seth\AppData\Local\Android\Sdk\tools\bin;C:\Users\Raj Seth\AppData\Local\Android\Sdk\platform-tools;C:\Users\Raj Seth\AppData\Local\Android\Sdk\build-tools;C:\Program Files (x86)\Microsoft Visual Studio\2019\BuildTools\MSBuild\Current\Bin;C:\Program Files\JetBrains\DataGrip 2023.1.1\bin;;C:\Program Files\FFmg;C:\Users\Raj Seth\AppData\Roaming\nvm;C:\nvm4w\nodejs;C:\Users\Raj Seth\AppData\Roaming\npm;C:\Users\Raj Seth\AppData\Local\Programs\cursor\resources\app\bin
USERNAME=Payal Seth
OS=Windows_NT
PROCESSOR_IDENTIFIER=Intel64 Family 6 Model 140 Stepping 1, GenuineIntel
TMP=C:\Users\RAJSET~1\AppData\Local\Temp
TEMP=C:\Users\RAJSET~1\AppData\Local\Temp




Periodic native trim disabled

---------------  S Y S T E M  ---------------

OS:
 Windows 11 , 64 bit Build 26100 (10.0.26100.7623)
OS uptime: 4 days 19:35 hours

CPU: total 8 (initial active 8) (4 cores per cpu, 2 threads per core) family 6 model 140 stepping 1 microcode 0xb4, cx8, cmov, fxsr, ht, mmx, 3dnowpref, sse, sse2, sse3, ssse3, sse4.1, sse4.2, popcnt, lzcnt, tsc, tscinvbit, avx, avx2, aes, erms, clmul, bmi1, bmi2, adx, avx512f, avx512dq, avx512cd, avx512bw, avx512vl, sha, fma, vzeroupper, avx512_vpopcntdq, avx512_vpclmulqdq, avx512_vaes, avx512_vnni, clflush, clflushopt, clwb, avx512_vbmi2, avx512_vbmi, rdtscp, rdpid, fsrm, gfni, avx512_bitalg, f16c, pku, cet_ibt, cet_ss, avx512_ifma
Processor Information for the first 8 processors :
  Max Mhz: 2401, Current Mhz: 2401, Mhz Limit: 2401

Memory: 4k page, system-wide physical 7834M (887M free)
TotalPageFile size 31386M (AvailPageFile size 190M)
current process WorkingSet (physical memory assigned to process): 7M, peak: 1072M
current process commit charge ("private bytes"): 1680M, peak: 1764M

vm_info: OpenJDK 64-Bit Server VM (21.0.9+10-LTS) for windows-amd64 JRE (21.0.9+10-LTS), built on 2025-10-21T00:00:00Z by "admin" with unknown MS VC++:1942

END.
